<?xml version="1.0" encoding="UTF-8"?>
<!-- Generated by org.testng.reporters.JUnitReportReporter -->
<testsuite hostname="LAPTOP-K2CLGN36" failures="0" tests="1" name="restRunnerApi" time="17.447" errors="0" timestamp="2020-10-07T12:37:58 CEST" skipped="0">
  <testcase classname="restRunnerApi" name="ApiLibrary" time="17.447"/>
  <system-out/>
</testsuite> <!-- restRunnerApi -->
