<?xml version="1.0" encoding="UTF-8"?>
<!-- Generated by org.testng.reporters.JUnitReportReporter -->
<testsuite hostname="LAPTOP-K2CLGN36" failures="0" tests="1" name="soap.testRunner" time="0.927" errors="0" timestamp="2020-10-07T18:49:58 CEST" skipped="0">
  <testcase classname="soap.testRunner" name="SoapTest" time="0.927"/>
  <system-out/>
</testsuite> <!-- soap.testRunner -->
