<?xml version="1.0" encoding="UTF-8"?>
<!-- Generated by org.testng.reporters.JUnitReportReporter -->
<testsuite hostname="LAPTOP-K2CLGN36" failures="0" tests="1" name="soap1.soapRun" time="20.945" errors="0" timestamp="2020-10-07T16:47:25 CEST" skipped="0">
  <testcase classname="soap1.soapRun" name="SoapTest" time="20.945"/>
  <system-out/>
</testsuite> <!-- soap1.soapRun -->
