<?xml version="1.0" encoding="UTF-8"?>
<!-- Generated by org.testng.reporters.JUnitReportReporter -->
<testsuite hostname="LAPTOP-K2CLGN36" failures="0" tests="2" name="testRunnerSingle" time="11.480" errors="0" timestamp="2020-10-07T12:29:10 CEST" skipped="0">
  <testcase classname="testRunnerSingle" name="SoapTest" time="10.924"/>
  <system-out/>
  <testcase classname="testRunnerSingle" name="singleTest" time="0.556"/>
  <system-out/>
</testsuite> <!-- testRunnerSingle -->
