<?xml version="1.0" encoding="UTF-8"?>
<!-- Generated by org.testng.reporters.JUnitReportReporter -->
<testsuite hostname="LAPTOP-K2CLGN36" failures="0" tests="2" name="SoapTestCases.testRunnerSingle" time="3.018" errors="0" timestamp="2020-10-07T14:54:02 CEST" skipped="0">
  <testcase classname="SoapTestCases.testRunnerSingle" name="SoapTest" time="1.550"/>
  <system-out/>
  <testcase classname="SoapTestCases.testRunnerSingle" name="singleTest" time="1.468"/>
  <system-out/>
</testsuite> <!-- SoapTestCases.testRunnerSingle -->
