<?xml version="1.0" encoding="UTF-8"?>
<!-- Generated by org.testng.reporters.JUnitReportReporter -->
<testsuite hostname="LAPTOP-K2CLGN36" failures="0" tests="2" name="soap.testRunnerSingle" time="16.851" errors="0" timestamp="2020-10-07T18:49:58 CEST" skipped="0">
  <testcase classname="soap.testRunnerSingle" name="singleTest" time="1.061"/>
  <system-out/>
  <testcase classname="soap.testRunnerSingle" name="SoapTest" time="15.790"/>
  <system-out/>
</testsuite> <!-- soap.testRunnerSingle -->
