<?xml version="1.0" encoding="UTF-8"?>
<!-- Generated by org.testng.reporters.JUnitReportReporter -->
<testsuite hostname="LAPTOP-K2CLGN36" failures="0" tests="1" name="rest.restRun" time="12.711" errors="0" timestamp="2020-10-07T18:49:58 CEST" skipped="0">
  <testcase classname="rest.restRun" name="ApiLibrary" time="12.711"/>
  <system-out/>
</testsuite> <!-- rest.restRun -->
