<?xml version="1.0" encoding="UTF-8"?>
<!-- Generated by org.testng.reporters.JUnitReportReporter -->
<testsuite hostname="LAPTOP-K2CLGN36" failures="0" tests="1" name="testRunner" time="11.154" errors="0" timestamp="2020-10-07T12:09:10 CEST" skipped="0">
  <testcase classname="testRunner" name="SoapTest" time="11.154"/>
  <system-out/>
</testsuite> <!-- testRunner -->
