<?xml version="1.0" encoding="UTF-8"?>
<!-- Generated by org.testng.reporters.JUnitReportReporter -->
<testsuite hostname="LAPTOP-K2CLGN36" failures="0" tests="1" name="SoapTestCases.testRunner" time="16.825" errors="0" timestamp="2020-10-07T14:54:02 CEST" skipped="0">
  <testcase classname="SoapTestCases.testRunner" name="SoapTest" time="16.825"/>
  <system-out/>
</testsuite> <!-- SoapTestCases.testRunner -->
